This is pdfTeX, Version 3.14159265-2.6-1.40.18 (MiKTeX 2.9.6350 64-bit) (preloaded format=pdflatex 2017.9.25)  7 APR 2018 11:52
entering extended mode
**./AllCode.tex
(AllCode.tex
LaTeX2e <2017-04-15>
Babel <3.10> and hyphenation patterns for 75 language(s) loaded.
("C:\Users\michael\AppData\Local\Programs\MiKTeX 2.9\tex\latex\base\article.cls
"
Document Class: article 2014/09/29 v1.4h Standard LaTeX document class
("C:\Users\michael\AppData\Local\Programs\MiKTeX 2.9\tex\latex\base\size12.clo"
File: size12.clo 2014/09/29 v1.4h Standard LaTeX file (size option)
)
\c@part=\count79
\c@section=\count80
\c@subsection=\count81
\c@subsubsection=\count82
\c@paragraph=\count83
\c@subparagraph=\count84
\c@figure=\count85
\c@table=\count86
\abovecaptionskip=\skip41
\belowcaptionskip=\skip42
\bibindent=\dimen102
)
("C:\Users\michael\AppData\Local\Programs\MiKTeX 2.9\tex\latex\geometry\geometr
y.sty"
Package: geometry 2010/09/12 v5.6 Page Geometry

("C:\Users\michael\AppData\Local\Programs\MiKTeX 2.9\tex\latex\graphics\keyval.
sty"
Package: keyval 2014/10/28 v1.15 key=value parser (DPC)
\KV@toks@=\toks14
)
("C:\Users\michael\AppData\Local\Programs\MiKTeX 2.9\tex\generic\oberdiek\ifpdf
.sty"
Package: ifpdf 2017/03/15 v3.2 Provides the ifpdf switch
)
("C:\Users\michael\AppData\Local\Programs\MiKTeX 2.9\tex\generic\oberdiek\ifvte
x.sty"
Package: ifvtex 2016/05/16 v1.6 Detect VTeX and its facilities (HO)
Package ifvtex Info: VTeX not detected.
)
("C:\Users\michael\AppData\Local\Programs\MiKTeX 2.9\tex\generic\ifxetex\ifxete
x.sty"
Package: ifxetex 2010/09/12 v0.6 Provides ifxetex conditional
)
\Gm@cnth=\count87
\Gm@cntv=\count88
\c@Gm@tempcnt=\count89
\Gm@bindingoffset=\dimen103
\Gm@wd@mp=\dimen104
\Gm@odd@mp=\dimen105
\Gm@even@mp=\dimen106
\Gm@layoutwidth=\dimen107
\Gm@layoutheight=\dimen108
\Gm@layouthoffset=\dimen109
\Gm@layoutvoffset=\dimen110
\Gm@dimlist=\toks15

("C:\Users\michael\AppData\Local\Programs\MiKTeX 2.9\tex\latex\geometry\geometr
y.cfg"))
("C:\Users\michael\AppData\Local\Programs\MiKTeX 2.9\tex\latex\pdfpages\pdfpage
s.sty"
Package: pdfpages 2017/10/31 v0.5l Insert pages of external PDF documents (AM)

("C:\Users\michael\AppData\Local\Programs\MiKTeX 2.9\tex\latex\base\ifthen.sty"
Package: ifthen 2014/09/29 v1.1c Standard LaTeX ifthen package (DPC)
) ("C:\Users\michael\AppData\Local\Programs\MiKTeX 2.9\tex\latex\tools\calc.sty
"
Package: calc 2014/10/28 v4.3 Infix arithmetic (KKT,FJ)
\calc@Acount=\count90
\calc@Bcount=\count91
\calc@Adimen=\dimen111
\calc@Bdimen=\dimen112
\calc@Askip=\skip43
\calc@Bskip=\skip44
LaTeX Info: Redefining \setlength on input line 80.
LaTeX Info: Redefining \addtolength on input line 81.
\calc@Ccount=\count92
\calc@Cskip=\skip45
)
("C:\Users\michael\AppData\Local\Programs\MiKTeX 2.9\tex\latex\eso-pic\eso-pic.
sty"
Package: eso-pic 2015/07/21 v2.0g eso-pic (RN)

("C:\Users\michael\AppData\Local\Programs\MiKTeX 2.9\tex\generic\oberdiek\atbeg
shi.sty"
Package: atbegshi 2016/06/09 v1.18 At begin shipout hook (HO)

("C:\Users\michael\AppData\Local\Programs\MiKTeX 2.9\tex\generic\oberdiek\infwa
rerr.sty"
Package: infwarerr 2016/05/16 v1.4 Providing info/warning/error messages (HO)
)
("C:\Users\michael\AppData\Local\Programs\MiKTeX 2.9\tex\generic\oberdiek\ltxcm
ds.sty"
Package: ltxcmds 2016/05/16 v1.23 LaTeX kernel commands for general use (HO)
))
("C:\Users\michael\AppData\Local\Programs\MiKTeX 2.9\tex\latex\xcolor\xcolor.st
y"
Package: xcolor 2016/05/11 v2.12 LaTeX color extensions (UK)

("C:\Users\michael\AppData\Local\Programs\MiKTeX 2.9\tex\latex\graphics-cfg\col
or.cfg"
File: color.cfg 2016/01/02 v1.6 sample color configuration
)
Package xcolor Info: Driver file: pdftex.def on input line 225.

("C:\Users\michael\AppData\Local\Programs\MiKTeX 2.9\tex\latex\graphics-def\pdf
tex.def"
File: pdftex.def 2017/01/12 v0.06k Graphics/color for pdfTeX
\Gread@gobject=\count93
)
Package xcolor Info: Model `cmy' substituted by `cmy0' on input line 1348.
Package xcolor Info: Model `hsb' substituted by `rgb' on input line 1352.
Package xcolor Info: Model `RGB' extended on input line 1364.
Package xcolor Info: Model `HTML' substituted by `rgb' on input line 1366.
Package xcolor Info: Model `Hsb' substituted by `hsb' on input line 1367.
Package xcolor Info: Model `tHsb' substituted by `hsb' on input line 1368.
Package xcolor Info: Model `HSB' substituted by `hsb' on input line 1369.
Package xcolor Info: Model `Gray' substituted by `gray' on input line 1370.
Package xcolor Info: Model `wave' substituted by `hsb' on input line 1371.
))
("C:\Users\michael\AppData\Local\Programs\MiKTeX 2.9\tex\latex\graphics\graphic
x.sty"
Package: graphicx 2014/10/28 v1.0g Enhanced LaTeX Graphics (DPC,SPQR)

("C:\Users\michael\AppData\Local\Programs\MiKTeX 2.9\tex\latex\graphics\graphic
s.sty"
Package: graphics 2017/04/14 v1.1b Standard LaTeX Graphics (DPC,SPQR)

("C:\Users\michael\AppData\Local\Programs\MiKTeX 2.9\tex\latex\graphics\trig.st
y"
Package: trig 2016/01/03 v1.10 sin cos tan (DPC)
)
("C:\Users\michael\AppData\Local\Programs\MiKTeX 2.9\tex\latex\graphics-cfg\gra
phics.cfg"
File: graphics.cfg 2016/06/04 v1.11 sample graphics configuration
)
Package graphics Info: Driver file: pdftex.def on input line 99.
)
\Gin@req@height=\dimen113
\Gin@req@width=\dimen114
)
\AM@pagewidth=\dimen115
\AM@pageheight=\dimen116

("C:\Users\michael\AppData\Local\Programs\MiKTeX 2.9\tex\latex\pdfpages\pppdfte
x.def"
File: pppdftex.def 2017/10/31 v0.5l Pdfpages driver for pdfTeX (AM)
)
\AM@pagebox=\box26
\AM@global@opts=\toks16
\AM@toc@title=\toks17
\c@AM@survey=\count94
\AM@templatesizebox=\box27
)
("C:\Users\michael\Documents\2017-2018\MECH 457\mech45x_PhotonScripts\Arduino\P
rint\build\AllCode.aux")
\openout1 = `AllCode.aux'.

LaTeX Font Info:    Checking defaults for OML/cmm/m/it on input line 8.
LaTeX Font Info:    ... okay on input line 8.
LaTeX Font Info:    Checking defaults for T1/cmr/m/n on input line 8.
LaTeX Font Info:    ... okay on input line 8.
LaTeX Font Info:    Checking defaults for OT1/cmr/m/n on input line 8.
LaTeX Font Info:    ... okay on input line 8.
LaTeX Font Info:    Checking defaults for OMS/cmsy/m/n on input line 8.
LaTeX Font Info:    ... okay on input line 8.
LaTeX Font Info:    Checking defaults for OMX/cmex/m/n on input line 8.
LaTeX Font Info:    ... okay on input line 8.
LaTeX Font Info:    Checking defaults for U/cmr/m/n on input line 8.
LaTeX Font Info:    ... okay on input line 8.

*geometry* driver: auto-detecting
*geometry* detected driver: pdftex
*geometry* verbose mode - [ preamble ] result:
* driver: pdftex
* paper: letterpaper
* layout: <same size as paper>
* layoutoffset:(h,v)=(0.0pt,0.0pt)
* modes: 
* h-part:(L,W,R)=(72.26999pt, 469.75502pt, 72.26999pt)
* v-part:(T,H,B)=(72.26999pt, 650.43001pt, 72.26999pt)
* \paperwidth=614.295pt
* \paperheight=794.96999pt
* \textwidth=469.75502pt
* \textheight=650.43001pt
* \oddsidemargin=0.0pt
* \evensidemargin=0.0pt
* \topmargin=-37.0pt
* \headheight=12.0pt
* \headsep=25.0pt
* \topskip=12.0pt
* \footskip=30.0pt
* \marginparwidth=44.0pt
* \marginparsep=10.0pt
* \columnsep=10.0pt
* \skip\footins=10.8pt plus 4.0pt minus 2.0pt
* \hoffset=0.0pt
* \voffset=0.0pt
* \mag=1000
* \@twocolumnfalse
* \@twosidefalse
* \@mparswitchfalse
* \@reversemarginfalse
* (1in=72.27pt=25.4mm, 1cm=28.453pt)

\AtBeginShipoutBox=\box28

("C:\Users\michael\AppData\Local\Programs\MiKTeX 2.9\tex\context\base\supp-pdf.
mkii"
[Loading MPS to PDF converter (version 2006.09.02).]
\scratchcounter=\count95
\scratchdimen=\dimen117
\scratchbox=\box29
\nofMPsegments=\count96
\nofMParguments=\count97
\everyMPshowfont=\toks18
\MPscratchCnt=\count98
\MPscratchDim=\dimen118
\MPnumerator=\count99
\makeMPintoPDFobject=\count100
\everyMPtoPDFconversion=\toks19
)
("C:\Users\michael\AppData\Local\Programs\MiKTeX 2.9\tex\generic\oberdiek\pdfte
xcmds.sty"
Package: pdftexcmds 2017/03/19 v0.25 Utility functions of pdfTeX for LuaTeX (HO
)

("C:\Users\michael\AppData\Local\Programs\MiKTeX 2.9\tex\generic\oberdiek\iflua
tex.sty"
Package: ifluatex 2016/05/16 v1.4 Provides the ifluatex switch (HO)
Package ifluatex Info: LuaTeX not detected.
)
Package pdftexcmds Info: LuaTeX not detected.
Package pdftexcmds Info: \pdf@primitive is available.
Package pdftexcmds Info: \pdf@ifprimitive is available.
Package pdftexcmds Info: \pdfdraftmode found.
)
("C:\Users\michael\AppData\Local\Programs\MiKTeX 2.9\tex\latex\oberdiek\epstopd
f-base.sty"
Package: epstopdf-base 2016/05/15 v2.6 Base part for package epstopdf

("C:\Users\michael\AppData\Local\Programs\MiKTeX 2.9\tex\latex\oberdiek\grfext.
sty"
Package: grfext 2016/05/16 v1.2 Manage graphics extensions (HO)

("C:\Users\michael\AppData\Local\Programs\MiKTeX 2.9\tex\generic\oberdiek\kvdef
inekeys.sty"
Package: kvdefinekeys 2016/05/16 v1.4 Define keys (HO)
))
("C:\Users\michael\AppData\Local\Programs\MiKTeX 2.9\tex\latex\oberdiek\kvoptio
ns.sty"
Package: kvoptions 2016/05/16 v3.12 Key value format for package options (HO)

("C:\Users\michael\AppData\Local\Programs\MiKTeX 2.9\tex\generic\oberdiek\kvset
keys.sty"
Package: kvsetkeys 2016/05/16 v1.17 Key value parser (HO)

("C:\Users\michael\AppData\Local\Programs\MiKTeX 2.9\tex\generic\oberdiek\etexc
mds.sty"
Package: etexcmds 2016/05/16 v1.6 Avoid name clashes with e-TeX commands (HO)
Package etexcmds Info: Could not find \expanded.
(etexcmds)             That can mean that you are not using pdfTeX 1.50 or
(etexcmds)             that some package has redefined \expanded.
(etexcmds)             In the latter case, load this package earlier.
)))
Package epstopdf-base Info: Redefining graphics rule for `.eps' on input line 4
38.
Package grfext Info: Graphics extension search list:
(grfext)             [.png,.pdf,.jpg,.mps,.jpeg,.jbig2,.jb2,.PNG,.PDF,.JPG,.JPE
G,.JBIG2,.JB2,.eps]
(grfext)             \AppendGraphicsExtensions on input line 456.
)
("C:\Users\michael\AppData\Local\Programs\MiKTeX 2.9\tex\latex\oberdiek\pdflsca
pe.sty"
Package: pdflscape 2016/05/14 v0.11 Display of landscape pages in PDF (HO)

("C:\Users\michael\AppData\Local\Programs\MiKTeX 2.9\tex\latex\graphics\lscape.
sty"
Package: lscape 2000/10/22 v3.01 Landscape Pages (DPC)
)
Package pdflscape Info: Auto-detected driver: pdftex on input line 81.
)
LaTeX Font Info:    External font `cmex10' loaded for size
(Font)              <14.4> on input line 9.
LaTeX Font Info:    External font `cmex10' loaded for size
(Font)              <7> on input line 9.
 [1

{C:/Users/michael/AppData/Local/MiKTeX/2.9/pdftex/config/pdftex.map}]

pdfTeX warning: pdflatex (file ./_all.pdf): PDF inclusion: found PDF version <1
.7>, but at most version <1.5> allowed
<_all.pdf, id=7, 614.295pt x 794.97pt>
File: _all.pdf Graphic file (type pdf)
 <use _all.pdf>
Package pdftex.def Info: _all.pdf used on input line 32.
(pdftex.def)             Requested size: 614.29349pt x 794.96806pt.


pdfTeX warning: pdflatex (file ./_all.pdf): PDF inclusion: found PDF version <1
.7>, but at most version <1.5> allowed
File: _all.pdf Graphic file (type pdf)
<use _all.pdf>
Package pdftex.def Info: _all.pdf used on input line 32.
(pdftex.def)             Requested size: 614.29349pt x 794.96806pt.


pdfTeX warning: pdflatex (file ./_all.pdf): PDF inclusion: found PDF version <1
.7>, but at most version <1.5> allowed


pdfTeX warning: pdflatex (file ./_all.pdf): PDF inclusion: found PDF version <1
.7>, but at most version <1.5> allowed
<_all.pdf, id=10, page=1, 614.295pt x 794.97pt>
File: _all.pdf Graphic file (type pdf)
 <use _all.pdf, page 1>
Package pdftex.def Info: _all.pdf, page1 used on input line 32.
(pdftex.def)             Requested size: 469.75502pt x 607.9196pt.
File: _all.pdf Graphic file (type pdf)

<use _all.pdf, page 1>
Package pdftex.def Info: _all.pdf, page1 used on input line 32.
(pdftex.def)             Requested size: 804.51675pt x 1041.13934pt.
 [1]
File: _all.pdf Graphic file (type pdf)
 <use _all.pdf, page 1>
Package pdftex.def Info: _all.pdf, page1 used on input line 32.
(pdftex.def)             Requested size: 804.51675pt x 1041.13934pt.
File: _all.pdf Graphic file (type pdf)
 <use _all.pdf, page 1>
Package pdftex.def Info: _all.pdf, page1 used on input line 32.
(pdftex.def)             Requested size: 804.51675pt x 1041.13934pt.
File: _all.pdf Graphic file (type pdf)

<use _all.pdf, page 1>
Package pdftex.def Info: _all.pdf, page1 used on input line 32.
(pdftex.def)             Requested size: 804.51675pt x 1041.13934pt.
 [2 <./_all.pdf>]

pdfTeX warning: pdflatex (file ./_all.pdf): PDF inclusion: found PDF version <1
.7>, but at most version <1.5> allowed
<_all.pdf, id=35, page=2, 614.295pt x 794.97pt>
File: _all.pdf Graphic file (type pdf)
 <use _all.pdf, page 2>
Package pdftex.def Info: _all.pdf, page2 used on input line 32.
(pdftex.def)             Requested size: 804.51675pt x 1041.13934pt.
File: _all.pdf Graphic file (type pdf)

<use _all.pdf, page 2>
Package pdftex.def Info: _all.pdf, page2 used on input line 32.
(pdftex.def)             Requested size: 804.51675pt x 1041.13934pt.
File: _all.pdf Graphic file (type pdf)
 <use _all.pdf, page 2>
Package pdftex.def Info: _all.pdf, page2 used on input line 32.
(pdftex.def)             Requested size: 804.51675pt x 1041.13934pt.
 [3 <./_all.pdf>]

pdfTeX warning: pdflatex (file ./_all.pdf): PDF inclusion: found PDF version <1
.7>, but at most version <1.5> allowed
<_all.pdf, id=39, page=3, 614.295pt x 794.97pt>
File: _all.pdf Graphic file (type pdf)
 <use _all.pdf, page 3>
Package pdftex.def Info: _all.pdf, page3 used on input line 32.
(pdftex.def)             Requested size: 804.51675pt x 1041.13934pt.
File: _all.pdf Graphic file (type pdf)

<use _all.pdf, page 3>
Package pdftex.def Info: _all.pdf, page3 used on input line 32.
(pdftex.def)             Requested size: 804.51675pt x 1041.13934pt.
File: _all.pdf Graphic file (type pdf)
 <use _all.pdf, page 3>
Package pdftex.def Info: _all.pdf, page3 used on input line 32.
(pdftex.def)             Requested size: 804.51675pt x 1041.13934pt.
 [4 <./_all.pdf>]

pdfTeX warning: pdflatex (file ./_all.pdf): PDF inclusion: found PDF version <1
.7>, but at most version <1.5> allowed
<_all.pdf, id=43, page=4, 614.295pt x 794.97pt>
File: _all.pdf Graphic file (type pdf)
 <use _all.pdf, page 4>
Package pdftex.def Info: _all.pdf, page4 used on input line 32.
(pdftex.def)             Requested size: 804.51675pt x 1041.13934pt.
File: _all.pdf Graphic file (type pdf)

<use _all.pdf, page 4>
Package pdftex.def Info: _all.pdf, page4 used on input line 32.
(pdftex.def)             Requested size: 804.51675pt x 1041.13934pt.
File: _all.pdf Graphic file (type pdf)
 <use _all.pdf, page 4>
Package pdftex.def Info: _all.pdf, page4 used on input line 32.
(pdftex.def)             Requested size: 804.51675pt x 1041.13934pt.
 [5 <./_all.pdf>]

pdfTeX warning: pdflatex (file ./calculate_MRT_h.pdf): PDF inclusion: found PDF
 version <1.7>, but at most version <1.5> allowed
<calculate_MRT_h.pdf, id=47, 614.295pt x 794.97pt>
File: calculate_MRT_h.pdf Graphic file (type pdf)
 <use calculate_MRT_h.pdf>
Package pdftex.def Info: calculate_MRT_h.pdf used on input line 41.
(pdftex.def)             Requested size: 614.29349pt x 794.96806pt.


pdfTeX warning: pdflatex (file ./calculate_MRT_h.pdf): PDF inclusion: found PDF
 version <1.7>, but at most version <1.5> allowed
File: calculate_MRT_h.pdf Graphic file (type pdf)
<use calculate_MRT_h.pdf>
Package pdftex.def Info: calculate_MRT_h.pdf used on input line 41.
(pdftex.def)             Requested size: 614.29349pt x 794.96806pt.


pdfTeX warning: pdflatex (file ./calculate_MRT_h.pdf): PDF inclusion: found PDF
 version <1.7>, but at most version <1.5> allowed


pdfTeX warning: pdflatex (file ./calculate_MRT_h.pdf): PDF inclusion: found PDF
 version <1.7>, but at most version <1.5> allowed
<calculate_MRT_h.pdf, id=50, page=1, 614.295pt x 794.97pt>
File: calculate_MRT_h.pdf Graphic file (type pdf)

<use calculate_MRT_h.pdf, page 1>
Package pdftex.def Info: calculate_MRT_h.pdf, page1 used on input line 41.
(pdftex.def)             Requested size: 469.75502pt x 607.9196pt.
File: calculate_MRT_h.pdf Graphic file (type pdf)
 <use calculate_MRT_h.pdf, page 1>
Package pdftex.def Info: calculate_MRT_h.pdf, page1 used on input line 41.
(pdftex.def)             Requested size: 804.51675pt x 1041.13934pt.
 [6]
File: calculate_MRT_h.pdf Graphic file (type pdf)

<use calculate_MRT_h.pdf, page 1>
Package pdftex.def Info: calculate_MRT_h.pdf, page1 used on input line 41.
(pdftex.def)             Requested size: 804.51675pt x 1041.13934pt.
File: calculate_MRT_h.pdf Graphic file (type pdf)
 <use calculate_MRT_h.pdf, page 1>
Package pdftex.def Info: calculate_MRT_h.pdf, page1 used on input line 41.
(pdftex.def)             Requested size: 804.51675pt x 1041.13934pt.
File: calculate_MRT_h.pdf Graphic file (type pdf)

<use calculate_MRT_h.pdf, page 1>
Package pdftex.def Info: calculate_MRT_h.pdf, page1 used on input line 41.
(pdftex.def)             Requested size: 804.51675pt x 1041.13934pt.
 [7 <./calculate_MRT_h.pdf>]

pdfTeX warning: pdflatex (file ./calculate_MRT_cpp.pdf): PDF inclusion: found P
DF version <1.7>, but at most version <1.5> allowed
<calculate_MRT_cpp.pdf, id=75, 614.295pt x 794.97pt>
File: calculate_MRT_cpp.pdf Graphic file (type pdf)

<use calculate_MRT_cpp.pdf>
Package pdftex.def Info: calculate_MRT_cpp.pdf used on input line 42.
(pdftex.def)             Requested size: 614.29349pt x 794.96806pt.


pdfTeX warning: pdflatex (file ./calculate_MRT_cpp.pdf): PDF inclusion: found P
DF version <1.7>, but at most version <1.5> allowed
File: calculate_MRT_cpp.pdf Graphic file (type pdf)
<use calculate_MRT_cpp.pdf>
Package pdftex.def Info: calculate_MRT_cpp.pdf used on input line 42.
(pdftex.def)             Requested size: 614.29349pt x 794.96806pt.


pdfTeX warning: pdflatex (file ./calculate_MRT_cpp.pdf): PDF inclusion: found P
DF version <1.7>, but at most version <1.5> allowed


pdfTeX warning: pdflatex (file ./calculate_MRT_cpp.pdf): PDF inclusion: found P
DF version <1.7>, but at most version <1.5> allowed
<calculate_MRT_cpp.pdf, id=78, page=1, 614.295pt x 794.97pt>
File: calculate_MRT_cpp.pdf Graphic file (type pdf)

<use calculate_MRT_cpp.pdf, page 1>
Package pdftex.def Info: calculate_MRT_cpp.pdf, page1 used on input line 42.
(pdftex.def)             Requested size: 469.75502pt x 607.9196pt.
File: calculate_MRT_cpp.pdf Graphic file (type pdf)
 <use calculate_MRT_cpp.pdf, page 1>
Package pdftex.def Info: calculate_MRT_cpp.pdf, page1 used on input line 42.
(pdftex.def)             Requested size: 804.51675pt x 1041.13934pt.
File: calculate_MRT_cpp.pdf Graphic file (type pdf)

<use calculate_MRT_cpp.pdf, page 1>
Package pdftex.def Info: calculate_MRT_cpp.pdf, page1 used on input line 42.
(pdftex.def)             Requested size: 804.51675pt x 1041.13934pt.
File: calculate_MRT_cpp.pdf Graphic file (type pdf)
 <use calculate_MRT_cpp.pdf, page 1>
Package pdftex.def Info: calculate_MRT_cpp.pdf, page1 used on input line 42.
(pdftex.def)             Requested size: 804.51675pt x 1041.13934pt.
File: calculate_MRT_cpp.pdf Graphic file (type pdf)

<use calculate_MRT_cpp.pdf, page 1>
Package pdftex.def Info: calculate_MRT_cpp.pdf, page1 used on input line 42.
(pdftex.def)             Requested size: 804.51675pt x 1041.13934pt.
 [8 <./calculate_MRT_cpp.pdf>]

pdfTeX warning: pdflatex (file ./Time_h.pdf): PDF inclusion: found PDF version 
<1.7>, but at most version <1.5> allowed
<Time_h.pdf, id=99, 614.295pt x 794.97pt>
File: Time_h.pdf Graphic file (type pdf)
 <use Time_h.pdf>
Package pdftex.def Info: Time_h.pdf used on input line 51.
(pdftex.def)             Requested size: 614.29349pt x 794.96806pt.


pdfTeX warning: pdflatex (file ./Time_h.pdf): PDF inclusion: found PDF version 
<1.7>, but at most version <1.5> allowed
File: Time_h.pdf Graphic file (type pdf)
<use Time_h.pdf>
Package pdftex.def Info: Time_h.pdf used on input line 51.
(pdftex.def)             Requested size: 614.29349pt x 794.96806pt.


pdfTeX warning: pdflatex (file ./Time_h.pdf): PDF inclusion: found PDF version 
<1.7>, but at most version <1.5> allowed


pdfTeX warning: pdflatex (file ./Time_h.pdf): PDF inclusion: found PDF version 
<1.7>, but at most version <1.5> allowed
<Time_h.pdf, id=102, page=1, 614.295pt x 794.97pt>
File: Time_h.pdf Graphic file (type pdf)
 <use Time_h.pdf, page 1>
Package pdftex.def Info: Time_h.pdf, page1 used on input line 51.
(pdftex.def)             Requested size: 469.75502pt x 607.9196pt.
File: Time_h.pdf Graphic file (type pdf)

<use Time_h.pdf, page 1>
Package pdftex.def Info: Time_h.pdf, page1 used on input line 51.
(pdftex.def)             Requested size: 804.51675pt x 1041.13934pt.
 [9]
File: Time_h.pdf Graphic file (type pdf)
 <use Time_h.pdf, page 1>
Package pdftex.def Info: Time_h.pdf, page1 used on input line 51.
(pdftex.def)             Requested size: 804.51675pt x 1041.13934pt.
File: Time_h.pdf Graphic file (type pdf)
 <use Time_h.pdf, page 1>
Package pdftex.def Info: Time_h.pdf, page1 used on input line 51.
(pdftex.def)             Requested size: 804.51675pt x 1041.13934pt.
File: Time_h.pdf Graphic file (type pdf)

<use Time_h.pdf, page 1>
Package pdftex.def Info: Time_h.pdf, page1 used on input line 51.
(pdftex.def)             Requested size: 804.51675pt x 1041.13934pt.
 [10 <./Time_h.pdf>]

pdfTeX warning: pdflatex (file ./Time_h.pdf): PDF inclusion: found PDF version 
<1.7>, but at most version <1.5> allowed
<Time_h.pdf, id=126, page=2, 614.295pt x 794.97pt>
File: Time_h.pdf Graphic file (type pdf)
 <use Time_h.pdf, page 2>
Package pdftex.def Info: Time_h.pdf, page2 used on input line 51.
(pdftex.def)             Requested size: 804.51675pt x 1041.13934pt.
File: Time_h.pdf Graphic file (type pdf)

<use Time_h.pdf, page 2>
Package pdftex.def Info: Time_h.pdf, page2 used on input line 51.
(pdftex.def)             Requested size: 804.51675pt x 1041.13934pt.
File: Time_h.pdf Graphic file (type pdf)
 <use Time_h.pdf, page 2>
Package pdftex.def Info: Time_h.pdf, page2 used on input line 51.
(pdftex.def)             Requested size: 804.51675pt x 1041.13934pt.
 [11 <./Time_h.pdf>]

pdfTeX warning: pdflatex (file ./Time_h.pdf): PDF inclusion: found PDF version 
<1.7>, but at most version <1.5> allowed
<Time_h.pdf, id=130, page=3, 614.295pt x 794.97pt>
File: Time_h.pdf Graphic file (type pdf)
 <use Time_h.pdf, page 3>
Package pdftex.def Info: Time_h.pdf, page3 used on input line 51.
(pdftex.def)             Requested size: 804.51675pt x 1041.13934pt.
File: Time_h.pdf Graphic file (type pdf)

<use Time_h.pdf, page 3>
Package pdftex.def Info: Time_h.pdf, page3 used on input line 51.
(pdftex.def)             Requested size: 804.51675pt x 1041.13934pt.
File: Time_h.pdf Graphic file (type pdf)
 <use Time_h.pdf, page 3>
Package pdftex.def Info: Time_h.pdf, page3 used on input line 51.
(pdftex.def)             Requested size: 804.51675pt x 1041.13934pt.
 [12 <./Time_h.pdf>]

pdfTeX warning: pdflatex (file ./Time_cpp.pdf): PDF inclusion: found PDF versio
n <1.7>, but at most version <1.5> allowed
<Time_cpp.pdf, id=135, 614.295pt x 794.97pt>
File: Time_cpp.pdf Graphic file (type pdf)
 <use Time_cpp.pdf>
Package pdftex.def Info: Time_cpp.pdf used on input line 52.
(pdftex.def)             Requested size: 614.29349pt x 794.96806pt.


pdfTeX warning: pdflatex (file ./Time_cpp.pdf): PDF inclusion: found PDF versio
n <1.7>, but at most version <1.5> allowed
File: Time_cpp.pdf Graphic file (type pdf)
<use Time_cpp.pdf>
Package pdftex.def Info: Time_cpp.pdf used on input line 52.
(pdftex.def)             Requested size: 614.29349pt x 794.96806pt.


pdfTeX warning: pdflatex (file ./Time_cpp.pdf): PDF inclusion: found PDF versio
n <1.7>, but at most version <1.5> allowed


pdfTeX warning: pdflatex (file ./Time_cpp.pdf): PDF inclusion: found PDF versio
n <1.7>, but at most version <1.5> allowed
<Time_cpp.pdf, id=138, page=1, 614.295pt x 794.97pt>
File: Time_cpp.pdf Graphic file (type pdf)

<use Time_cpp.pdf, page 1>
Package pdftex.def Info: Time_cpp.pdf, page1 used on input line 52.
(pdftex.def)             Requested size: 469.75502pt x 607.9196pt.
File: Time_cpp.pdf Graphic file (type pdf)
 <use Time_cpp.pdf, page 1>
Package pdftex.def Info: Time_cpp.pdf, page1 used on input line 52.
(pdftex.def)             Requested size: 804.51675pt x 1041.13934pt.
File: Time_cpp.pdf Graphic file (type pdf)

<use Time_cpp.pdf, page 1>
Package pdftex.def Info: Time_cpp.pdf, page1 used on input line 52.
(pdftex.def)             Requested size: 804.51675pt x 1041.13934pt.
File: Time_cpp.pdf Graphic file (type pdf)
 <use Time_cpp.pdf, page 1>
Package pdftex.def Info: Time_cpp.pdf, page1 used on input line 52.
(pdftex.def)             Requested size: 804.51675pt x 1041.13934pt.
File: Time_cpp.pdf Graphic file (type pdf)

<use Time_cpp.pdf, page 1>
Package pdftex.def Info: Time_cpp.pdf, page1 used on input line 52.
(pdftex.def)             Requested size: 804.51675pt x 1041.13934pt.
 [13 <./Time_cpp.pdf>]

pdfTeX warning: pdflatex (file ./Time_cpp.pdf): PDF inclusion: found PDF versio
n <1.7>, but at most version <1.5> allowed
<Time_cpp.pdf, id=159, page=2, 614.295pt x 794.97pt>
File: Time_cpp.pdf Graphic file (type pdf)

<use Time_cpp.pdf, page 2>
Package pdftex.def Info: Time_cpp.pdf, page2 used on input line 52.
(pdftex.def)             Requested size: 804.51675pt x 1041.13934pt.
File: Time_cpp.pdf Graphic file (type pdf)
 <use Time_cpp.pdf, page 2>
Package pdftex.def Info: Time_cpp.pdf, page2 used on input line 52.
(pdftex.def)             Requested size: 804.51675pt x 1041.13934pt.
File: Time_cpp.pdf Graphic file (type pdf)

<use Time_cpp.pdf, page 2>
Package pdftex.def Info: Time_cpp.pdf, page2 used on input line 52.
(pdftex.def)             Requested size: 804.51675pt x 1041.13934pt.
 [14 <./Time_cpp.pdf>]

pdfTeX warning: pdflatex (file ./Time_cpp.pdf): PDF inclusion: found PDF versio
n <1.7>, but at most version <1.5> allowed
<Time_cpp.pdf, id=163, page=3, 614.295pt x 794.97pt>
File: Time_cpp.pdf Graphic file (type pdf)

<use Time_cpp.pdf, page 3>
Package pdftex.def Info: Time_cpp.pdf, page3 used on input line 52.
(pdftex.def)             Requested size: 804.51675pt x 1041.13934pt.
File: Time_cpp.pdf Graphic file (type pdf)
 <use Time_cpp.pdf, page 3>
Package pdftex.def Info: Time_cpp.pdf, page3 used on input line 52.
(pdftex.def)             Requested size: 804.51675pt x 1041.13934pt.
File: Time_cpp.pdf Graphic file (type pdf)

<use Time_cpp.pdf, page 3>
Package pdftex.def Info: Time_cpp.pdf, page3 used on input line 52.
(pdftex.def)             Requested size: 804.51675pt x 1041.13934pt.
 [15 <./Time_cpp.pdf>]

pdfTeX warning: pdflatex (file ./Time_cpp.pdf): PDF inclusion: found PDF versio
n <1.7>, but at most version <1.5> allowed
<Time_cpp.pdf, id=167, page=4, 614.295pt x 794.97pt>
File: Time_cpp.pdf Graphic file (type pdf)

<use Time_cpp.pdf, page 4>
Package pdftex.def Info: Time_cpp.pdf, page4 used on input line 52.
(pdftex.def)             Requested size: 804.51675pt x 1041.13934pt.
File: Time_cpp.pdf Graphic file (type pdf)
 <use Time_cpp.pdf, page 4>
Package pdftex.def Info: Time_cpp.pdf, page4 used on input line 52.
(pdftex.def)             Requested size: 804.51675pt x 1041.13934pt.
File: Time_cpp.pdf Graphic file (type pdf)

<use Time_cpp.pdf, page 4>
Package pdftex.def Info: Time_cpp.pdf, page4 used on input line 52.
(pdftex.def)             Requested size: 804.51675pt x 1041.13934pt.
 [16 <./Time_cpp.pdf>]

pdfTeX warning: pdflatex (file ./Time_cpp.pdf): PDF inclusion: found PDF versio
n <1.7>, but at most version <1.5> allowed
<Time_cpp.pdf, id=171, page=5, 614.295pt x 794.97pt>
File: Time_cpp.pdf Graphic file (type pdf)

<use Time_cpp.pdf, page 5>
Package pdftex.def Info: Time_cpp.pdf, page5 used on input line 52.
(pdftex.def)             Requested size: 804.51675pt x 1041.13934pt.
File: Time_cpp.pdf Graphic file (type pdf)
 <use Time_cpp.pdf, page 5>
Package pdftex.def Info: Time_cpp.pdf, page5 used on input line 52.
(pdftex.def)             Requested size: 804.51675pt x 1041.13934pt.
File: Time_cpp.pdf Graphic file (type pdf)

<use Time_cpp.pdf, page 5>
Package pdftex.def Info: Time_cpp.pdf, page5 used on input line 52.
(pdftex.def)             Requested size: 804.51675pt x 1041.13934pt.
 [17 <./Time_cpp.pdf>]

pdfTeX warning: pdflatex (file ./PM_h.pdf): PDF inclusion: found PDF version <1
.7>, but at most version <1.5> allowed
<PM_h.pdf, id=175, 614.295pt x 794.97pt>
File: PM_h.pdf Graphic file (type pdf)
 <use PM_h.pdf>
Package pdftex.def Info: PM_h.pdf used on input line 61.
(pdftex.def)             Requested size: 614.29349pt x 794.96806pt.


pdfTeX warning: pdflatex (file ./PM_h.pdf): PDF inclusion: found PDF version <1
.7>, but at most version <1.5> allowed
File: PM_h.pdf Graphic file (type pdf)
<use PM_h.pdf>
Package pdftex.def Info: PM_h.pdf used on input line 61.
(pdftex.def)             Requested size: 614.29349pt x 794.96806pt.


pdfTeX warning: pdflatex (file ./PM_h.pdf): PDF inclusion: found PDF version <1
.7>, but at most version <1.5> allowed


pdfTeX warning: pdflatex (file ./PM_h.pdf): PDF inclusion: found PDF version <1
.7>, but at most version <1.5> allowed
<PM_h.pdf, id=178, page=1, 614.295pt x 794.97pt>
File: PM_h.pdf Graphic file (type pdf)
 <use PM_h.pdf, page 1>
Package pdftex.def Info: PM_h.pdf, page1 used on input line 61.
(pdftex.def)             Requested size: 469.75502pt x 607.9196pt.
File: PM_h.pdf Graphic file (type pdf)

<use PM_h.pdf, page 1>
Package pdftex.def Info: PM_h.pdf, page1 used on input line 61.
(pdftex.def)             Requested size: 804.51675pt x 1041.13934pt.
 [18]
File: PM_h.pdf Graphic file (type pdf)
 <use PM_h.pdf, page 1>
Package pdftex.def Info: PM_h.pdf, page1 used on input line 61.
(pdftex.def)             Requested size: 804.51675pt x 1041.13934pt.
File: PM_h.pdf Graphic file (type pdf)
 <use PM_h.pdf, page 1>
Package pdftex.def Info: PM_h.pdf, page1 used on input line 61.
(pdftex.def)             Requested size: 804.51675pt x 1041.13934pt.
File: PM_h.pdf Graphic file (type pdf)

<use PM_h.pdf, page 1>
Package pdftex.def Info: PM_h.pdf, page1 used on input line 61.
(pdftex.def)             Requested size: 804.51675pt x 1041.13934pt.
 [19 <./PM_h.pdf>]

pdfTeX warning: pdflatex (file ./PM_h.pdf): PDF inclusion: found PDF version <1
.7>, but at most version <1.5> allowed
<PM_h.pdf, id=203, page=2, 614.295pt x 794.97pt>
File: PM_h.pdf Graphic file (type pdf)
 <use PM_h.pdf, page 2>
Package pdftex.def Info: PM_h.pdf, page2 used on input line 61.
(pdftex.def)             Requested size: 804.51675pt x 1041.13934pt.
File: PM_h.pdf Graphic file (type pdf)

<use PM_h.pdf, page 2>
Package pdftex.def Info: PM_h.pdf, page2 used on input line 61.
(pdftex.def)             Requested size: 804.51675pt x 1041.13934pt.
File: PM_h.pdf Graphic file (type pdf)
 <use PM_h.pdf, page 2>
Package pdftex.def Info: PM_h.pdf, page2 used on input line 61.
(pdftex.def)             Requested size: 804.51675pt x 1041.13934pt.
 [20 <./PM_h.pdf>]

pdfTeX warning: pdflatex (file ./PM_cpp.pdf): PDF inclusion: found PDF version 
<1.7>, but at most version <1.5> allowed
<PM_cpp.pdf, id=207, 614.295pt x 794.97pt>
File: PM_cpp.pdf Graphic file (type pdf)
 <use PM_cpp.pdf>
Package pdftex.def Info: PM_cpp.pdf used on input line 62.
(pdftex.def)             Requested size: 614.29349pt x 794.96806pt.


pdfTeX warning: pdflatex (file ./PM_cpp.pdf): PDF inclusion: found PDF version 
<1.7>, but at most version <1.5> allowed
File: PM_cpp.pdf Graphic file (type pdf)
<use PM_cpp.pdf>
Package pdftex.def Info: PM_cpp.pdf used on input line 62.
(pdftex.def)             Requested size: 614.29349pt x 794.96806pt.


pdfTeX warning: pdflatex (file ./PM_cpp.pdf): PDF inclusion: found PDF version 
<1.7>, but at most version <1.5> allowed


pdfTeX warning: pdflatex (file ./PM_cpp.pdf): PDF inclusion: found PDF version 
<1.7>, but at most version <1.5> allowed
<PM_cpp.pdf, id=210, page=1, 614.295pt x 794.97pt>
File: PM_cpp.pdf Graphic file (type pdf)
 <use PM_cpp.pdf, page 1>
Package pdftex.def Info: PM_cpp.pdf, page1 used on input line 62.
(pdftex.def)             Requested size: 469.75502pt x 607.9196pt.
File: PM_cpp.pdf Graphic file (type pdf)

<use PM_cpp.pdf, page 1>
Package pdftex.def Info: PM_cpp.pdf, page1 used on input line 62.
(pdftex.def)             Requested size: 804.51675pt x 1041.13934pt.
File: PM_cpp.pdf Graphic file (type pdf)
 <use PM_cpp.pdf, page 1>
Package pdftex.def Info: PM_cpp.pdf, page1 used on input line 62.
(pdftex.def)             Requested size: 804.51675pt x 1041.13934pt.
File: PM_cpp.pdf Graphic file (type pdf)
 <use PM_cpp.pdf, page 1>
Package pdftex.def Info: PM_cpp.pdf, page1 used on input line 62.
(pdftex.def)             Requested size: 804.51675pt x 1041.13934pt.
File: PM_cpp.pdf Graphic file (type pdf)

<use PM_cpp.pdf, page 1>
Package pdftex.def Info: PM_cpp.pdf, page1 used on input line 62.
(pdftex.def)             Requested size: 804.51675pt x 1041.13934pt.
 [21 <./PM_cpp.pdf>]

pdfTeX warning: pdflatex (file ./PM_cpp.pdf): PDF inclusion: found PDF version 
<1.7>, but at most version <1.5> allowed
<PM_cpp.pdf, id=231, page=2, 614.295pt x 794.97pt>
File: PM_cpp.pdf Graphic file (type pdf)
 <use PM_cpp.pdf, page 2>
Package pdftex.def Info: PM_cpp.pdf, page2 used on input line 62.
(pdftex.def)             Requested size: 804.51675pt x 1041.13934pt.
File: PM_cpp.pdf Graphic file (type pdf)

<use PM_cpp.pdf, page 2>
Package pdftex.def Info: PM_cpp.pdf, page2 used on input line 62.
(pdftex.def)             Requested size: 804.51675pt x 1041.13934pt.
File: PM_cpp.pdf Graphic file (type pdf)
 <use PM_cpp.pdf, page 2>
Package pdftex.def Info: PM_cpp.pdf, page2 used on input line 62.
(pdftex.def)             Requested size: 804.51675pt x 1041.13934pt.
 [22 <./PM_cpp.pdf>]

pdfTeX warning: pdflatex (file ./PM_cpp.pdf): PDF inclusion: found PDF version 
<1.7>, but at most version <1.5> allowed
<PM_cpp.pdf, id=235, page=3, 614.295pt x 794.97pt>
File: PM_cpp.pdf Graphic file (type pdf)
 <use PM_cpp.pdf, page 3>
Package pdftex.def Info: PM_cpp.pdf, page3 used on input line 62.
(pdftex.def)             Requested size: 804.51675pt x 1041.13934pt.
File: PM_cpp.pdf Graphic file (type pdf)

<use PM_cpp.pdf, page 3>
Package pdftex.def Info: PM_cpp.pdf, page3 used on input line 62.
(pdftex.def)             Requested size: 804.51675pt x 1041.13934pt.
File: PM_cpp.pdf Graphic file (type pdf)
 <use PM_cpp.pdf, page 3>
Package pdftex.def Info: PM_cpp.pdf, page3 used on input line 62.
(pdftex.def)             Requested size: 804.51675pt x 1041.13934pt.
 [23 <./PM_cpp.pdf>]

pdfTeX warning: pdflatex (file ./PM_cpp.pdf): PDF inclusion: found PDF version 
<1.7>, but at most version <1.5> allowed
<PM_cpp.pdf, id=239, page=4, 614.295pt x 794.97pt>
File: PM_cpp.pdf Graphic file (type pdf)
 <use PM_cpp.pdf, page 4>
Package pdftex.def Info: PM_cpp.pdf, page4 used on input line 62.
(pdftex.def)             Requested size: 804.51675pt x 1041.13934pt.
File: PM_cpp.pdf Graphic file (type pdf)

<use PM_cpp.pdf, page 4>
Package pdftex.def Info: PM_cpp.pdf, page4 used on input line 62.
(pdftex.def)             Requested size: 804.51675pt x 1041.13934pt.
File: PM_cpp.pdf Graphic file (type pdf)
 <use PM_cpp.pdf, page 4>
Package pdftex.def Info: PM_cpp.pdf, page4 used on input line 62.
(pdftex.def)             Requested size: 804.51675pt x 1041.13934pt.
 [24 <./PM_cpp.pdf>]

pdfTeX warning: pdflatex (file ./PM_cpp.pdf): PDF inclusion: found PDF version 
<1.7>, but at most version <1.5> allowed
<PM_cpp.pdf, id=244, page=5, 614.295pt x 794.97pt>
File: PM_cpp.pdf Graphic file (type pdf)
 <use PM_cpp.pdf, page 5>
Package pdftex.def Info: PM_cpp.pdf, page5 used on input line 62.
(pdftex.def)             Requested size: 804.51675pt x 1041.13934pt.
File: PM_cpp.pdf Graphic file (type pdf)

<use PM_cpp.pdf, page 5>
Package pdftex.def Info: PM_cpp.pdf, page5 used on input line 62.
(pdftex.def)             Requested size: 804.51675pt x 1041.13934pt.
File: PM_cpp.pdf Graphic file (type pdf)
 <use PM_cpp.pdf, page 5>
Package pdftex.def Info: PM_cpp.pdf, page5 used on input line 62.
(pdftex.def)             Requested size: 804.51675pt x 1041.13934pt.
 [25 <./PM_cpp.pdf>]

pdfTeX warning: pdflatex (file ./PM_cpp.pdf): PDF inclusion: found PDF version 
<1.7>, but at most version <1.5> allowed
<PM_cpp.pdf, id=248, page=6, 614.295pt x 794.97pt>
File: PM_cpp.pdf Graphic file (type pdf)
 <use PM_cpp.pdf, page 6>
Package pdftex.def Info: PM_cpp.pdf, page6 used on input line 62.
(pdftex.def)             Requested size: 804.51675pt x 1041.13934pt.
File: PM_cpp.pdf Graphic file (type pdf)

<use PM_cpp.pdf, page 6>
Package pdftex.def Info: PM_cpp.pdf, page6 used on input line 62.
(pdftex.def)             Requested size: 804.51675pt x 1041.13934pt.
File: PM_cpp.pdf Graphic file (type pdf)
 <use PM_cpp.pdf, page 6>
Package pdftex.def Info: PM_cpp.pdf, page6 used on input line 62.
(pdftex.def)             Requested size: 804.51675pt x 1041.13934pt.
 [26 <./PM_cpp.pdf>]

pdfTeX warning: pdflatex (file ./MHZ19_h.pdf): PDF inclusion: found PDF version
 <1.7>, but at most version <1.5> allowed
<MHZ19_h.pdf, id=252, 614.295pt x 794.97pt>
File: MHZ19_h.pdf Graphic file (type pdf)
 <use MHZ19_h.pdf>
Package pdftex.def Info: MHZ19_h.pdf used on input line 71.
(pdftex.def)             Requested size: 614.29349pt x 794.96806pt.


pdfTeX warning: pdflatex (file ./MHZ19_h.pdf): PDF inclusion: found PDF version
 <1.7>, but at most version <1.5> allowed
File: MHZ19_h.pdf Graphic file (type pdf)
<use MHZ19_h.pdf>
Package pdftex.def Info: MHZ19_h.pdf used on input line 71.
(pdftex.def)             Requested size: 614.29349pt x 794.96806pt.


pdfTeX warning: pdflatex (file ./MHZ19_h.pdf): PDF inclusion: found PDF version
 <1.7>, but at most version <1.5> allowed


pdfTeX warning: pdflatex (file ./MHZ19_h.pdf): PDF inclusion: found PDF version
 <1.7>, but at most version <1.5> allowed
<MHZ19_h.pdf, id=255, page=1, 614.295pt x 794.97pt>
File: MHZ19_h.pdf Graphic file (type pdf)
 <use MHZ19_h.pdf, page 1>
Package pdftex.def Info: MHZ19_h.pdf, page1 used on input line 71.
(pdftex.def)             Requested size: 469.75502pt x 607.9196pt.
File: MHZ19_h.pdf Graphic file (type pdf)

<use MHZ19_h.pdf, page 1>
Package pdftex.def Info: MHZ19_h.pdf, page1 used on input line 71.
(pdftex.def)             Requested size: 804.51675pt x 1041.13934pt.
 [27]
File: MHZ19_h.pdf Graphic file (type pdf)
 <use MHZ19_h.pdf, page 1>
Package pdftex.def Info: MHZ19_h.pdf, page1 used on input line 71.
(pdftex.def)             Requested size: 804.51675pt x 1041.13934pt.
File: MHZ19_h.pdf Graphic file (type pdf)

<use MHZ19_h.pdf, page 1>
Package pdftex.def Info: MHZ19_h.pdf, page1 used on input line 71.
(pdftex.def)             Requested size: 804.51675pt x 1041.13934pt.
File: MHZ19_h.pdf Graphic file (type pdf)
 <use MHZ19_h.pdf, page 1>
Package pdftex.def Info: MHZ19_h.pdf, page1 used on input line 71.
(pdftex.def)             Requested size: 804.51675pt x 1041.13934pt.
 [28 <./MHZ19_h.pdf>]

pdfTeX warning: pdflatex (file ./MHZ19_h.pdf): PDF inclusion: found PDF version
 <1.7>, but at most version <1.5> allowed
<MHZ19_h.pdf, id=279, page=2, 614.295pt x 794.97pt>
File: MHZ19_h.pdf Graphic file (type pdf)
 <use MHZ19_h.pdf, page 2>
Package pdftex.def Info: MHZ19_h.pdf, page2 used on input line 71.
(pdftex.def)             Requested size: 804.51675pt x 1041.13934pt.
File: MHZ19_h.pdf Graphic file (type pdf)

<use MHZ19_h.pdf, page 2>
Package pdftex.def Info: MHZ19_h.pdf, page2 used on input line 71.
(pdftex.def)             Requested size: 804.51675pt x 1041.13934pt.
File: MHZ19_h.pdf Graphic file (type pdf)
 <use MHZ19_h.pdf, page 2>
Package pdftex.def Info: MHZ19_h.pdf, page2 used on input line 71.
(pdftex.def)             Requested size: 804.51675pt x 1041.13934pt.
 [29 <./MHZ19_h.pdf>]

pdfTeX warning: pdflatex (file ./MHZ19_cpp.pdf): PDF inclusion: found PDF versi
on <1.7>, but at most version <1.5> allowed
<MHZ19_cpp.pdf, id=283, 614.295pt x 794.97pt>
File: MHZ19_cpp.pdf Graphic file (type pdf)
 <use MHZ19_cpp.pdf>
Package pdftex.def Info: MHZ19_cpp.pdf used on input line 72.
(pdftex.def)             Requested size: 614.29349pt x 794.96806pt.


pdfTeX warning: pdflatex (file ./MHZ19_cpp.pdf): PDF inclusion: found PDF versi
on <1.7>, but at most version <1.5> allowed
File: MHZ19_cpp.pdf Graphic file (type pdf)
<use MHZ19_cpp.pdf>
Package pdftex.def Info: MHZ19_cpp.pdf used on input line 72.
(pdftex.def)             Requested size: 614.29349pt x 794.96806pt.


pdfTeX warning: pdflatex (file ./MHZ19_cpp.pdf): PDF inclusion: found PDF versi
on <1.7>, but at most version <1.5> allowed


pdfTeX warning: pdflatex (file ./MHZ19_cpp.pdf): PDF inclusion: found PDF versi
on <1.7>, but at most version <1.5> allowed
<MHZ19_cpp.pdf, id=286, page=1, 614.295pt x 794.97pt>
File: MHZ19_cpp.pdf Graphic file (type pdf)

<use MHZ19_cpp.pdf, page 1>
Package pdftex.def Info: MHZ19_cpp.pdf, page1 used on input line 72.
(pdftex.def)             Requested size: 469.75502pt x 607.9196pt.
File: MHZ19_cpp.pdf Graphic file (type pdf)
 <use MHZ19_cpp.pdf, page 1>
Package pdftex.def Info: MHZ19_cpp.pdf, page1 used on input line 72.
(pdftex.def)             Requested size: 804.51675pt x 1041.13934pt.
File: MHZ19_cpp.pdf Graphic file (type pdf)

<use MHZ19_cpp.pdf, page 1>
Package pdftex.def Info: MHZ19_cpp.pdf, page1 used on input line 72.
(pdftex.def)             Requested size: 804.51675pt x 1041.13934pt.
File: MHZ19_cpp.pdf Graphic file (type pdf)
 <use MHZ19_cpp.pdf, page 1>
Package pdftex.def Info: MHZ19_cpp.pdf, page1 used on input line 72.
(pdftex.def)             Requested size: 804.51675pt x 1041.13934pt.
File: MHZ19_cpp.pdf Graphic file (type pdf)

<use MHZ19_cpp.pdf, page 1>
Package pdftex.def Info: MHZ19_cpp.pdf, page1 used on input line 72.
(pdftex.def)             Requested size: 804.51675pt x 1041.13934pt.
 [30 <./MHZ19_cpp.pdf>]

pdfTeX warning: pdflatex (file ./MHZ19_cpp.pdf): PDF inclusion: found PDF versi
on <1.7>, but at most version <1.5> allowed
<MHZ19_cpp.pdf, id=308, page=2, 614.295pt x 794.97pt>
File: MHZ19_cpp.pdf Graphic file (type pdf)

<use MHZ19_cpp.pdf, page 2>
Package pdftex.def Info: MHZ19_cpp.pdf, page2 used on input line 72.
(pdftex.def)             Requested size: 804.51675pt x 1041.13934pt.
File: MHZ19_cpp.pdf Graphic file (type pdf)
 <use MHZ19_cpp.pdf, page 2>
Package pdftex.def Info: MHZ19_cpp.pdf, page2 used on input line 72.
(pdftex.def)             Requested size: 804.51675pt x 1041.13934pt.
File: MHZ19_cpp.pdf Graphic file (type pdf)

<use MHZ19_cpp.pdf, page 2>
Package pdftex.def Info: MHZ19_cpp.pdf, page2 used on input line 72.
(pdftex.def)             Requested size: 804.51675pt x 1041.13934pt.
 [31 <./MHZ19_cpp.pdf>]

pdfTeX warning: pdflatex (file ./MHZ19_cpp.pdf): PDF inclusion: found PDF versi
on <1.7>, but at most version <1.5> allowed
<MHZ19_cpp.pdf, id=312, page=3, 614.295pt x 794.97pt>
File: MHZ19_cpp.pdf Graphic file (type pdf)

<use MHZ19_cpp.pdf, page 3>
Package pdftex.def Info: MHZ19_cpp.pdf, page3 used on input line 72.
(pdftex.def)             Requested size: 804.51675pt x 1041.13934pt.
File: MHZ19_cpp.pdf Graphic file (type pdf)
 <use MHZ19_cpp.pdf, page 3>
Package pdftex.def Info: MHZ19_cpp.pdf, page3 used on input line 72.
(pdftex.def)             Requested size: 804.51675pt x 1041.13934pt.
File: MHZ19_cpp.pdf Graphic file (type pdf)

<use MHZ19_cpp.pdf, page 3>
Package pdftex.def Info: MHZ19_cpp.pdf, page3 used on input line 72.
(pdftex.def)             Requested size: 804.51675pt x 1041.13934pt.
 [32 <./MHZ19_cpp.pdf>]

pdfTeX warning: pdflatex (file ./MHZ19_cpp.pdf): PDF inclusion: found PDF versi
on <1.7>, but at most version <1.5> allowed
<MHZ19_cpp.pdf, id=316, page=4, 614.295pt x 794.97pt>
File: MHZ19_cpp.pdf Graphic file (type pdf)

<use MHZ19_cpp.pdf, page 4>
Package pdftex.def Info: MHZ19_cpp.pdf, page4 used on input line 72.
(pdftex.def)             Requested size: 804.51675pt x 1041.13934pt.
File: MHZ19_cpp.pdf Graphic file (type pdf)
 <use MHZ19_cpp.pdf, page 4>
Package pdftex.def Info: MHZ19_cpp.pdf, page4 used on input line 72.
(pdftex.def)             Requested size: 804.51675pt x 1041.13934pt.
File: MHZ19_cpp.pdf Graphic file (type pdf)

<use MHZ19_cpp.pdf, page 4>
Package pdftex.def Info: MHZ19_cpp.pdf, page4 used on input line 72.
(pdftex.def)             Requested size: 804.51675pt x 1041.13934pt.
 [33 <./MHZ19_cpp.pdf>]

pdfTeX warning: pdflatex (file ./MHZ19_cpp.pdf): PDF inclusion: found PDF versi
on <1.7>, but at most version <1.5> allowed
<MHZ19_cpp.pdf, id=320, page=5, 614.295pt x 794.97pt>
File: MHZ19_cpp.pdf Graphic file (type pdf)

<use MHZ19_cpp.pdf, page 5>
Package pdftex.def Info: MHZ19_cpp.pdf, page5 used on input line 72.
(pdftex.def)             Requested size: 804.51675pt x 1041.13934pt.
File: MHZ19_cpp.pdf Graphic file (type pdf)
 <use MHZ19_cpp.pdf, page 5>
Package pdftex.def Info: MHZ19_cpp.pdf, page5 used on input line 72.
(pdftex.def)             Requested size: 804.51675pt x 1041.13934pt.
File: MHZ19_cpp.pdf Graphic file (type pdf)

<use MHZ19_cpp.pdf, page 5>
Package pdftex.def Info: MHZ19_cpp.pdf, page5 used on input line 72.
(pdftex.def)             Requested size: 804.51675pt x 1041.13934pt.
 [34 <./MHZ19_cpp.pdf>]

pdfTeX warning: pdflatex (file ./ccs821_h.pdf): PDF inclusion: found PDF versio
n <1.7>, but at most version <1.5> allowed
<ccs821_h.pdf, id=324, 614.295pt x 794.97pt>
File: ccs821_h.pdf Graphic file (type pdf)
 <use ccs821_h.pdf>
Package pdftex.def Info: ccs821_h.pdf used on input line 86.
(pdftex.def)             Requested size: 614.29349pt x 794.96806pt.


pdfTeX warning: pdflatex (file ./ccs821_h.pdf): PDF inclusion: found PDF versio
n <1.7>, but at most version <1.5> allowed
File: ccs821_h.pdf Graphic file (type pdf)
<use ccs821_h.pdf>
Package pdftex.def Info: ccs821_h.pdf used on input line 86.
(pdftex.def)             Requested size: 614.29349pt x 794.96806pt.


pdfTeX warning: pdflatex (file ./ccs821_h.pdf): PDF inclusion: found PDF versio
n <1.7>, but at most version <1.5> allowed


pdfTeX warning: pdflatex (file ./ccs821_h.pdf): PDF inclusion: found PDF versio
n <1.7>, but at most version <1.5> allowed
<ccs821_h.pdf, id=327, page=1, 614.295pt x 794.97pt>
File: ccs821_h.pdf Graphic file (type pdf)

<use ccs821_h.pdf, page 1>
Package pdftex.def Info: ccs821_h.pdf, page1 used on input line 86.
(pdftex.def)             Requested size: 469.75502pt x 607.9196pt.
File: ccs821_h.pdf Graphic file (type pdf)
 <use ccs821_h.pdf, page 1>
Package pdftex.def Info: ccs821_h.pdf, page1 used on input line 86.
(pdftex.def)             Requested size: 804.51675pt x 1041.13934pt.
 [35]
File: ccs821_h.pdf Graphic file (type pdf)

<use ccs821_h.pdf, page 1>
Package pdftex.def Info: ccs821_h.pdf, page1 used on input line 86.
(pdftex.def)             Requested size: 804.51675pt x 1041.13934pt.
File: ccs821_h.pdf Graphic file (type pdf)
 <use ccs821_h.pdf, page 1>
Package pdftex.def Info: ccs821_h.pdf, page1 used on input line 86.
(pdftex.def)             Requested size: 804.51675pt x 1041.13934pt.
File: ccs821_h.pdf Graphic file (type pdf)

<use ccs821_h.pdf, page 1>
Package pdftex.def Info: ccs821_h.pdf, page1 used on input line 86.
(pdftex.def)             Requested size: 804.51675pt x 1041.13934pt.
 [36 <./ccs821_h.pdf>]

pdfTeX warning: pdflatex (file ./ccs821_h.pdf): PDF inclusion: found PDF versio
n <1.7>, but at most version <1.5> allowed
<ccs821_h.pdf, id=352, page=2, 614.295pt x 794.97pt>
File: ccs821_h.pdf Graphic file (type pdf)

<use ccs821_h.pdf, page 2>
Package pdftex.def Info: ccs821_h.pdf, page2 used on input line 86.
(pdftex.def)             Requested size: 804.51675pt x 1041.13934pt.
File: ccs821_h.pdf Graphic file (type pdf)
 <use ccs821_h.pdf, page 2>
Package pdftex.def Info: ccs821_h.pdf, page2 used on input line 86.
(pdftex.def)             Requested size: 804.51675pt x 1041.13934pt.
File: ccs821_h.pdf Graphic file (type pdf)

<use ccs821_h.pdf, page 2>
Package pdftex.def Info: ccs821_h.pdf, page2 used on input line 86.
(pdftex.def)             Requested size: 804.51675pt x 1041.13934pt.
 [37 <./ccs821_h.pdf>]

pdfTeX warning: pdflatex (file ./ccs821_h.pdf): PDF inclusion: found PDF versio
n <1.7>, but at most version <1.5> allowed
<ccs821_h.pdf, id=356, page=3, 614.295pt x 794.97pt>
File: ccs821_h.pdf Graphic file (type pdf)

<use ccs821_h.pdf, page 3>
Package pdftex.def Info: ccs821_h.pdf, page3 used on input line 86.
(pdftex.def)             Requested size: 804.51675pt x 1041.13934pt.
File: ccs821_h.pdf Graphic file (type pdf)
 <use ccs821_h.pdf, page 3>
Package pdftex.def Info: ccs821_h.pdf, page3 used on input line 86.
(pdftex.def)             Requested size: 804.51675pt x 1041.13934pt.
File: ccs821_h.pdf Graphic file (type pdf)

<use ccs821_h.pdf, page 3>
Package pdftex.def Info: ccs821_h.pdf, page3 used on input line 86.
(pdftex.def)             Requested size: 804.51675pt x 1041.13934pt.
 [38 <./ccs821_h.pdf>]

pdfTeX warning: pdflatex (file ./ccs821_h.pdf): PDF inclusion: found PDF versio
n <1.7>, but at most version <1.5> allowed
<ccs821_h.pdf, id=360, page=4, 614.295pt x 794.97pt>
File: ccs821_h.pdf Graphic file (type pdf)

<use ccs821_h.pdf, page 4>
Package pdftex.def Info: ccs821_h.pdf, page4 used on input line 86.
(pdftex.def)             Requested size: 804.51675pt x 1041.13934pt.
File: ccs821_h.pdf Graphic file (type pdf)
 <use ccs821_h.pdf, page 4>
Package pdftex.def Info: ccs821_h.pdf, page4 used on input line 86.
(pdftex.def)             Requested size: 804.51675pt x 1041.13934pt.
File: ccs821_h.pdf Graphic file (type pdf)

<use ccs821_h.pdf, page 4>
Package pdftex.def Info: ccs821_h.pdf, page4 used on input line 86.
(pdftex.def)             Requested size: 804.51675pt x 1041.13934pt.
 [39 <./ccs821_h.pdf>]

pdfTeX warning: pdflatex (file ./ccs821_cpp.pdf): PDF inclusion: found PDF vers
ion <1.7>, but at most version <1.5> allowed
<ccs821_cpp.pdf, id=364, 614.295pt x 794.97pt>
File: ccs821_cpp.pdf Graphic file (type pdf)
 <use ccs821_cpp.pdf>
Package pdftex.def Info: ccs821_cpp.pdf used on input line 87.
(pdftex.def)             Requested size: 614.29349pt x 794.96806pt.


pdfTeX warning: pdflatex (file ./ccs821_cpp.pdf): PDF inclusion: found PDF vers
ion <1.7>, but at most version <1.5> allowed
File: ccs821_cpp.pdf Graphic file (type pdf)
<use ccs821_cpp.pdf>
Package pdftex.def Info: ccs821_cpp.pdf used on input line 87.
(pdftex.def)             Requested size: 614.29349pt x 794.96806pt.


pdfTeX warning: pdflatex (file ./ccs821_cpp.pdf): PDF inclusion: found PDF vers
ion <1.7>, but at most version <1.5> allowed


pdfTeX warning: pdflatex (file ./ccs821_cpp.pdf): PDF inclusion: found PDF vers
ion <1.7>, but at most version <1.5> allowed
<ccs821_cpp.pdf, id=367, page=1, 614.295pt x 794.97pt>
File: ccs821_cpp.pdf Graphic file (type pdf)

<use ccs821_cpp.pdf, page 1>
Package pdftex.def Info: ccs821_cpp.pdf, page1 used on input line 87.
(pdftex.def)             Requested size: 469.75502pt x 607.9196pt.
File: ccs821_cpp.pdf Graphic file (type pdf)
 <use ccs821_cpp.pdf, page 1>
Package pdftex.def Info: ccs821_cpp.pdf, page1 used on input line 87.
(pdftex.def)             Requested size: 804.51675pt x 1041.13934pt.
File: ccs821_cpp.pdf Graphic file (type pdf)

<use ccs821_cpp.pdf, page 1>
Package pdftex.def Info: ccs821_cpp.pdf, page1 used on input line 87.
(pdftex.def)             Requested size: 804.51675pt x 1041.13934pt.
File: ccs821_cpp.pdf Graphic file (type pdf)
 <use ccs821_cpp.pdf, page 1>
Package pdftex.def Info: ccs821_cpp.pdf, page1 used on input line 87.
(pdftex.def)             Requested size: 804.51675pt x 1041.13934pt.
File: ccs821_cpp.pdf Graphic file (type pdf)

<use ccs821_cpp.pdf, page 1>
Package pdftex.def Info: ccs821_cpp.pdf, page1 used on input line 87.
(pdftex.def)             Requested size: 804.51675pt x 1041.13934pt.
 [40 <./ccs821_cpp.pdf>]

pdfTeX warning: pdflatex (file ./ccs821_cpp.pdf): PDF inclusion: found PDF vers
ion <1.7>, but at most version <1.5> allowed
<ccs821_cpp.pdf, id=388, page=2, 614.295pt x 794.97pt>
File: ccs821_cpp.pdf Graphic file (type pdf)

<use ccs821_cpp.pdf, page 2>
Package pdftex.def Info: ccs821_cpp.pdf, page2 used on input line 87.
(pdftex.def)             Requested size: 804.51675pt x 1041.13934pt.
File: ccs821_cpp.pdf Graphic file (type pdf)
 <use ccs821_cpp.pdf, page 2>
Package pdftex.def Info: ccs821_cpp.pdf, page2 used on input line 87.
(pdftex.def)             Requested size: 804.51675pt x 1041.13934pt.
File: ccs821_cpp.pdf Graphic file (type pdf)

<use ccs821_cpp.pdf, page 2>
Package pdftex.def Info: ccs821_cpp.pdf, page2 used on input line 87.
(pdftex.def)             Requested size: 804.51675pt x 1041.13934pt.
 [41 <./ccs821_cpp.pdf>]

pdfTeX warning: pdflatex (file ./ccs821_cpp.pdf): PDF inclusion: found PDF vers
ion <1.7>, but at most version <1.5> allowed
<ccs821_cpp.pdf, id=392, page=3, 614.295pt x 794.97pt>
File: ccs821_cpp.pdf Graphic file (type pdf)

<use ccs821_cpp.pdf, page 3>
Package pdftex.def Info: ccs821_cpp.pdf, page3 used on input line 87.
(pdftex.def)             Requested size: 804.51675pt x 1041.13934pt.
File: ccs821_cpp.pdf Graphic file (type pdf)
 <use ccs821_cpp.pdf, page 3>
Package pdftex.def Info: ccs821_cpp.pdf, page3 used on input line 87.
(pdftex.def)             Requested size: 804.51675pt x 1041.13934pt.
File: ccs821_cpp.pdf Graphic file (type pdf)

<use ccs821_cpp.pdf, page 3>
Package pdftex.def Info: ccs821_cpp.pdf, page3 used on input line 87.
(pdftex.def)             Requested size: 804.51675pt x 1041.13934pt.
 [42 <./ccs821_cpp.pdf>]

pdfTeX warning: pdflatex (file ./ccs821_cpp.pdf): PDF inclusion: found PDF vers
ion <1.7>, but at most version <1.5> allowed
<ccs821_cpp.pdf, id=397, page=4, 614.295pt x 794.97pt>
File: ccs821_cpp.pdf Graphic file (type pdf)

<use ccs821_cpp.pdf, page 4>
Package pdftex.def Info: ccs821_cpp.pdf, page4 used on input line 87.
(pdftex.def)             Requested size: 804.51675pt x 1041.13934pt.
File: ccs821_cpp.pdf Graphic file (type pdf)
 <use ccs821_cpp.pdf, page 4>
Package pdftex.def Info: ccs821_cpp.pdf, page4 used on input line 87.
(pdftex.def)             Requested size: 804.51675pt x 1041.13934pt.
File: ccs821_cpp.pdf Graphic file (type pdf)

<use ccs821_cpp.pdf, page 4>
Package pdftex.def Info: ccs821_cpp.pdf, page4 used on input line 87.
(pdftex.def)             Requested size: 804.51675pt x 1041.13934pt.
 [43 <./ccs821_cpp.pdf>]

pdfTeX warning: pdflatex (file ./ccs821_cpp.pdf): PDF inclusion: found PDF vers
ion <1.7>, but at most version <1.5> allowed
<ccs821_cpp.pdf, id=401, page=5, 614.295pt x 794.97pt>
File: ccs821_cpp.pdf Graphic file (type pdf)

<use ccs821_cpp.pdf, page 5>
Package pdftex.def Info: ccs821_cpp.pdf, page5 used on input line 87.
(pdftex.def)             Requested size: 804.51675pt x 1041.13934pt.
File: ccs821_cpp.pdf Graphic file (type pdf)
 <use ccs821_cpp.pdf, page 5>
Package pdftex.def Info: ccs821_cpp.pdf, page5 used on input line 87.
(pdftex.def)             Requested size: 804.51675pt x 1041.13934pt.
File: ccs821_cpp.pdf Graphic file (type pdf)

<use ccs821_cpp.pdf, page 5>
Package pdftex.def Info: ccs821_cpp.pdf, page5 used on input line 87.
(pdftex.def)             Requested size: 804.51675pt x 1041.13934pt.
 [44 <./ccs821_cpp.pdf>]

pdfTeX warning: pdflatex (file ./ccs821_cpp.pdf): PDF inclusion: found PDF vers
ion <1.7>, but at most version <1.5> allowed
<ccs821_cpp.pdf, id=405, page=6, 614.295pt x 794.97pt>
File: ccs821_cpp.pdf Graphic file (type pdf)

<use ccs821_cpp.pdf, page 6>
Package pdftex.def Info: ccs821_cpp.pdf, page6 used on input line 87.
(pdftex.def)             Requested size: 804.51675pt x 1041.13934pt.
File: ccs821_cpp.pdf Graphic file (type pdf)
 <use ccs821_cpp.pdf, page 6>
Package pdftex.def Info: ccs821_cpp.pdf, page6 used on input line 87.
(pdftex.def)             Requested size: 804.51675pt x 1041.13934pt.
File: ccs821_cpp.pdf Graphic file (type pdf)

<use ccs821_cpp.pdf, page 6>
Package pdftex.def Info: ccs821_cpp.pdf, page6 used on input line 87.
(pdftex.def)             Requested size: 804.51675pt x 1041.13934pt.
 [45 <./ccs821_cpp.pdf>]

pdfTeX warning: pdflatex (file ./ccs821_cpp.pdf): PDF inclusion: found PDF vers
ion <1.7>, but at most version <1.5> allowed
<ccs821_cpp.pdf, id=409, page=7, 614.295pt x 794.97pt>
File: ccs821_cpp.pdf Graphic file (type pdf)

<use ccs821_cpp.pdf, page 7>
Package pdftex.def Info: ccs821_cpp.pdf, page7 used on input line 87.
(pdftex.def)             Requested size: 804.51675pt x 1041.13934pt.
File: ccs821_cpp.pdf Graphic file (type pdf)
 <use ccs821_cpp.pdf, page 7>
Package pdftex.def Info: ccs821_cpp.pdf, page7 used on input line 87.
(pdftex.def)             Requested size: 804.51675pt x 1041.13934pt.
File: ccs821_cpp.pdf Graphic file (type pdf)

<use ccs821_cpp.pdf, page 7>
Package pdftex.def Info: ccs821_cpp.pdf, page7 used on input line 87.
(pdftex.def)             Requested size: 804.51675pt x 1041.13934pt.
 [46 <./ccs821_cpp.pdf>]

pdfTeX warning: pdflatex (file ./SHT35D_h.pdf): PDF inclusion: found PDF versio
n <1.7>, but at most version <1.5> allowed
<SHT35D_h.pdf, id=413, 614.295pt x 794.97pt>
File: SHT35D_h.pdf Graphic file (type pdf)
 <use SHT35D_h.pdf>
Package pdftex.def Info: SHT35D_h.pdf used on input line 100.
(pdftex.def)             Requested size: 614.29349pt x 794.96806pt.


pdfTeX warning: pdflatex (file ./SHT35D_h.pdf): PDF inclusion: found PDF versio
n <1.7>, but at most version <1.5> allowed
File: SHT35D_h.pdf Graphic file (type pdf)
<use SHT35D_h.pdf>
Package pdftex.def Info: SHT35D_h.pdf used on input line 100.
(pdftex.def)             Requested size: 614.29349pt x 794.96806pt.


pdfTeX warning: pdflatex (file ./SHT35D_h.pdf): PDF inclusion: found PDF versio
n <1.7>, but at most version <1.5> allowed


pdfTeX warning: pdflatex (file ./SHT35D_h.pdf): PDF inclusion: found PDF versio
n <1.7>, but at most version <1.5> allowed
<SHT35D_h.pdf, id=416, page=1, 614.295pt x 794.97pt>
File: SHT35D_h.pdf Graphic file (type pdf)

<use SHT35D_h.pdf, page 1>
Package pdftex.def Info: SHT35D_h.pdf, page1 used on input line 100.
(pdftex.def)             Requested size: 469.75502pt x 607.9196pt.
File: SHT35D_h.pdf Graphic file (type pdf)
 <use SHT35D_h.pdf, page 1>
Package pdftex.def Info: SHT35D_h.pdf, page1 used on input line 100.
(pdftex.def)             Requested size: 804.51675pt x 1041.13934pt.
 [47]
File: SHT35D_h.pdf Graphic file (type pdf)

<use SHT35D_h.pdf, page 1>
Package pdftex.def Info: SHT35D_h.pdf, page1 used on input line 100.
(pdftex.def)             Requested size: 804.51675pt x 1041.13934pt.
File: SHT35D_h.pdf Graphic file (type pdf)
 <use SHT35D_h.pdf, page 1>
Package pdftex.def Info: SHT35D_h.pdf, page1 used on input line 100.
(pdftex.def)             Requested size: 804.51675pt x 1041.13934pt.
File: SHT35D_h.pdf Graphic file (type pdf)

<use SHT35D_h.pdf, page 1>
Package pdftex.def Info: SHT35D_h.pdf, page1 used on input line 100.
(pdftex.def)             Requested size: 804.51675pt x 1041.13934pt.
 [48 <./SHT35D_h.pdf>]

pdfTeX warning: pdflatex (file ./SHT35D_h.pdf): PDF inclusion: found PDF versio
n <1.7>, but at most version <1.5> allowed
<SHT35D_h.pdf, id=441, page=2, 614.295pt x 794.97pt>
File: SHT35D_h.pdf Graphic file (type pdf)

<use SHT35D_h.pdf, page 2>
Package pdftex.def Info: SHT35D_h.pdf, page2 used on input line 100.
(pdftex.def)             Requested size: 804.51675pt x 1041.13934pt.
File: SHT35D_h.pdf Graphic file (type pdf)
 <use SHT35D_h.pdf, page 2>
Package pdftex.def Info: SHT35D_h.pdf, page2 used on input line 100.
(pdftex.def)             Requested size: 804.51675pt x 1041.13934pt.
File: SHT35D_h.pdf Graphic file (type pdf)

<use SHT35D_h.pdf, page 2>
Package pdftex.def Info: SHT35D_h.pdf, page2 used on input line 100.
(pdftex.def)             Requested size: 804.51675pt x 1041.13934pt.
 [49 <./SHT35D_h.pdf>]

pdfTeX warning: pdflatex (file ./SHT35D_h.pdf): PDF inclusion: found PDF versio
n <1.7>, but at most version <1.5> allowed
<SHT35D_h.pdf, id=445, page=3, 614.295pt x 794.97pt>
File: SHT35D_h.pdf Graphic file (type pdf)

<use SHT35D_h.pdf, page 3>
Package pdftex.def Info: SHT35D_h.pdf, page3 used on input line 100.
(pdftex.def)             Requested size: 804.51675pt x 1041.13934pt.
File: SHT35D_h.pdf Graphic file (type pdf)
 <use SHT35D_h.pdf, page 3>
Package pdftex.def Info: SHT35D_h.pdf, page3 used on input line 100.
(pdftex.def)             Requested size: 804.51675pt x 1041.13934pt.
File: SHT35D_h.pdf Graphic file (type pdf)

<use SHT35D_h.pdf, page 3>
Package pdftex.def Info: SHT35D_h.pdf, page3 used on input line 100.
(pdftex.def)             Requested size: 804.51675pt x 1041.13934pt.
 [50 <./SHT35D_h.pdf>]

pdfTeX warning: pdflatex (file ./SHT35D_h.pdf): PDF inclusion: found PDF versio
n <1.7>, but at most version <1.5> allowed
<SHT35D_h.pdf, id=449, page=4, 614.295pt x 794.97pt>
File: SHT35D_h.pdf Graphic file (type pdf)

<use SHT35D_h.pdf, page 4>
Package pdftex.def Info: SHT35D_h.pdf, page4 used on input line 100.
(pdftex.def)             Requested size: 804.51675pt x 1041.13934pt.
File: SHT35D_h.pdf Graphic file (type pdf)
 <use SHT35D_h.pdf, page 4>
Package pdftex.def Info: SHT35D_h.pdf, page4 used on input line 100.
(pdftex.def)             Requested size: 804.51675pt x 1041.13934pt.
File: SHT35D_h.pdf Graphic file (type pdf)

<use SHT35D_h.pdf, page 4>
Package pdftex.def Info: SHT35D_h.pdf, page4 used on input line 100.
(pdftex.def)             Requested size: 804.51675pt x 1041.13934pt.
 [51 <./SHT35D_h.pdf>]

pdfTeX warning: pdflatex (file ./SHT35D_cpp.pdf): PDF inclusion: found PDF vers
ion <1.7>, but at most version <1.5> allowed
<SHT35D_cpp.pdf, id=453, 614.295pt x 794.97pt>
File: SHT35D_cpp.pdf Graphic file (type pdf)
 <use SHT35D_cpp.pdf>
Package pdftex.def Info: SHT35D_cpp.pdf used on input line 101.
(pdftex.def)             Requested size: 614.29349pt x 794.96806pt.


pdfTeX warning: pdflatex (file ./SHT35D_cpp.pdf): PDF inclusion: found PDF vers
ion <1.7>, but at most version <1.5> allowed
File: SHT35D_cpp.pdf Graphic file (type pdf)
<use SHT35D_cpp.pdf>
Package pdftex.def Info: SHT35D_cpp.pdf used on input line 101.
(pdftex.def)             Requested size: 614.29349pt x 794.96806pt.


pdfTeX warning: pdflatex (file ./SHT35D_cpp.pdf): PDF inclusion: found PDF vers
ion <1.7>, but at most version <1.5> allowed


pdfTeX warning: pdflatex (file ./SHT35D_cpp.pdf): PDF inclusion: found PDF vers
ion <1.7>, but at most version <1.5> allowed
<SHT35D_cpp.pdf, id=456, page=1, 614.295pt x 794.97pt>
File: SHT35D_cpp.pdf Graphic file (type pdf)

<use SHT35D_cpp.pdf, page 1>
Package pdftex.def Info: SHT35D_cpp.pdf, page1 used on input line 101.
(pdftex.def)             Requested size: 469.75502pt x 607.9196pt.
File: SHT35D_cpp.pdf Graphic file (type pdf)
 <use SHT35D_cpp.pdf, page 1>
Package pdftex.def Info: SHT35D_cpp.pdf, page1 used on input line 101.
(pdftex.def)             Requested size: 804.51675pt x 1041.13934pt.
File: SHT35D_cpp.pdf Graphic file (type pdf)

<use SHT35D_cpp.pdf, page 1>
Package pdftex.def Info: SHT35D_cpp.pdf, page1 used on input line 101.
(pdftex.def)             Requested size: 804.51675pt x 1041.13934pt.
File: SHT35D_cpp.pdf Graphic file (type pdf)
 <use SHT35D_cpp.pdf, page 1>
Package pdftex.def Info: SHT35D_cpp.pdf, page1 used on input line 101.
(pdftex.def)             Requested size: 804.51675pt x 1041.13934pt.
File: SHT35D_cpp.pdf Graphic file (type pdf)

<use SHT35D_cpp.pdf, page 1>
Package pdftex.def Info: SHT35D_cpp.pdf, page1 used on input line 101.
(pdftex.def)             Requested size: 804.51675pt x 1041.13934pt.
 [52 <./SHT35D_cpp.pdf>]

pdfTeX warning: pdflatex (file ./SHT35D_cpp.pdf): PDF inclusion: found PDF vers
ion <1.7>, but at most version <1.5> allowed
<SHT35D_cpp.pdf, id=477, page=2, 614.295pt x 794.97pt>
File: SHT35D_cpp.pdf Graphic file (type pdf)

<use SHT35D_cpp.pdf, page 2>
Package pdftex.def Info: SHT35D_cpp.pdf, page2 used on input line 101.
(pdftex.def)             Requested size: 804.51675pt x 1041.13934pt.
File: SHT35D_cpp.pdf Graphic file (type pdf)
 <use SHT35D_cpp.pdf, page 2>
Package pdftex.def Info: SHT35D_cpp.pdf, page2 used on input line 101.
(pdftex.def)             Requested size: 804.51675pt x 1041.13934pt.
File: SHT35D_cpp.pdf Graphic file (type pdf)

<use SHT35D_cpp.pdf, page 2>
Package pdftex.def Info: SHT35D_cpp.pdf, page2 used on input line 101.
(pdftex.def)             Requested size: 804.51675pt x 1041.13934pt.
 [53 <./SHT35D_cpp.pdf>]

pdfTeX warning: pdflatex (file ./SHT35D_cpp.pdf): PDF inclusion: found PDF vers
ion <1.7>, but at most version <1.5> allowed
<SHT35D_cpp.pdf, id=481, page=3, 614.295pt x 794.97pt>
File: SHT35D_cpp.pdf Graphic file (type pdf)

<use SHT35D_cpp.pdf, page 3>
Package pdftex.def Info: SHT35D_cpp.pdf, page3 used on input line 101.
(pdftex.def)             Requested size: 804.51675pt x 1041.13934pt.
File: SHT35D_cpp.pdf Graphic file (type pdf)
 <use SHT35D_cpp.pdf, page 3>
Package pdftex.def Info: SHT35D_cpp.pdf, page3 used on input line 101.
(pdftex.def)             Requested size: 804.51675pt x 1041.13934pt.
File: SHT35D_cpp.pdf Graphic file (type pdf)

<use SHT35D_cpp.pdf, page 3>
Package pdftex.def Info: SHT35D_cpp.pdf, page3 used on input line 101.
(pdftex.def)             Requested size: 804.51675pt x 1041.13934pt.
 [54 <./SHT35D_cpp.pdf>]

pdfTeX warning: pdflatex (file ./SHT35D_cpp.pdf): PDF inclusion: found PDF vers
ion <1.7>, but at most version <1.5> allowed
<SHT35D_cpp.pdf, id=486, page=4, 614.295pt x 794.97pt>
File: SHT35D_cpp.pdf Graphic file (type pdf)

<use SHT35D_cpp.pdf, page 4>
Package pdftex.def Info: SHT35D_cpp.pdf, page4 used on input line 101.
(pdftex.def)             Requested size: 804.51675pt x 1041.13934pt.
File: SHT35D_cpp.pdf Graphic file (type pdf)
 <use SHT35D_cpp.pdf, page 4>
Package pdftex.def Info: SHT35D_cpp.pdf, page4 used on input line 101.
(pdftex.def)             Requested size: 804.51675pt x 1041.13934pt.
File: SHT35D_cpp.pdf Graphic file (type pdf)

<use SHT35D_cpp.pdf, page 4>
Package pdftex.def Info: SHT35D_cpp.pdf, page4 used on input line 101.
(pdftex.def)             Requested size: 804.51675pt x 1041.13934pt.
 [55 <./SHT35D_cpp.pdf>]

pdfTeX warning: pdflatex (file ./SHT35D_cpp.pdf): PDF inclusion: found PDF vers
ion <1.7>, but at most version <1.5> allowed
<SHT35D_cpp.pdf, id=490, page=5, 614.295pt x 794.97pt>
File: SHT35D_cpp.pdf Graphic file (type pdf)

<use SHT35D_cpp.pdf, page 5>
Package pdftex.def Info: SHT35D_cpp.pdf, page5 used on input line 101.
(pdftex.def)             Requested size: 804.51675pt x 1041.13934pt.
File: SHT35D_cpp.pdf Graphic file (type pdf)
 <use SHT35D_cpp.pdf, page 5>
Package pdftex.def Info: SHT35D_cpp.pdf, page5 used on input line 101.
(pdftex.def)             Requested size: 804.51675pt x 1041.13934pt.
File: SHT35D_cpp.pdf Graphic file (type pdf)

<use SHT35D_cpp.pdf, page 5>
Package pdftex.def Info: SHT35D_cpp.pdf, page5 used on input line 101.
(pdftex.def)             Requested size: 804.51675pt x 1041.13934pt.
 [56 <./SHT35D_cpp.pdf>]

pdfTeX warning: pdflatex (file ./SHT35D_cpp.pdf): PDF inclusion: found PDF vers
ion <1.7>, but at most version <1.5> allowed
<SHT35D_cpp.pdf, id=494, page=6, 614.295pt x 794.97pt>
File: SHT35D_cpp.pdf Graphic file (type pdf)

<use SHT35D_cpp.pdf, page 6>
Package pdftex.def Info: SHT35D_cpp.pdf, page6 used on input line 101.
(pdftex.def)             Requested size: 804.51675pt x 1041.13934pt.
File: SHT35D_cpp.pdf Graphic file (type pdf)
 <use SHT35D_cpp.pdf, page 6>
Package pdftex.def Info: SHT35D_cpp.pdf, page6 used on input line 101.
(pdftex.def)             Requested size: 804.51675pt x 1041.13934pt.
File: SHT35D_cpp.pdf Graphic file (type pdf)

<use SHT35D_cpp.pdf, page 6>
Package pdftex.def Info: SHT35D_cpp.pdf, page6 used on input line 101.
(pdftex.def)             Requested size: 804.51675pt x 1041.13934pt.
 [57 <./SHT35D_cpp.pdf>]

pdfTeX warning: pdflatex (file ./SHT35D_cpp.pdf): PDF inclusion: found PDF vers
ion <1.7>, but at most version <1.5> allowed
<SHT35D_cpp.pdf, id=498, page=7, 614.295pt x 794.97pt>
File: SHT35D_cpp.pdf Graphic file (type pdf)

<use SHT35D_cpp.pdf, page 7>
Package pdftex.def Info: SHT35D_cpp.pdf, page7 used on input line 101.
(pdftex.def)             Requested size: 804.51675pt x 1041.13934pt.
File: SHT35D_cpp.pdf Graphic file (type pdf)
 <use SHT35D_cpp.pdf, page 7>
Package pdftex.def Info: SHT35D_cpp.pdf, page7 used on input line 101.
(pdftex.def)             Requested size: 804.51675pt x 1041.13934pt.
File: SHT35D_cpp.pdf Graphic file (type pdf)

<use SHT35D_cpp.pdf, page 7>
Package pdftex.def Info: SHT35D_cpp.pdf, page7 used on input line 101.
(pdftex.def)             Requested size: 804.51675pt x 1041.13934pt.
 [58 <./SHT35D_cpp.pdf>]

pdfTeX warning: pdflatex (file ./SHT35D_cpp.pdf): PDF inclusion: found PDF vers
ion <1.7>, but at most version <1.5> allowed
<SHT35D_cpp.pdf, id=502, page=8, 614.295pt x 794.97pt>
File: SHT35D_cpp.pdf Graphic file (type pdf)

<use SHT35D_cpp.pdf, page 8>
Package pdftex.def Info: SHT35D_cpp.pdf, page8 used on input line 101.
(pdftex.def)             Requested size: 804.51675pt x 1041.13934pt.
File: SHT35D_cpp.pdf Graphic file (type pdf)
 <use SHT35D_cpp.pdf, page 8>
Package pdftex.def Info: SHT35D_cpp.pdf, page8 used on input line 101.
(pdftex.def)             Requested size: 804.51675pt x 1041.13934pt.
File: SHT35D_cpp.pdf Graphic file (type pdf)

<use SHT35D_cpp.pdf, page 8>
Package pdftex.def Info: SHT35D_cpp.pdf, page8 used on input line 101.
(pdftex.def)             Requested size: 804.51675pt x 1041.13934pt.
 [59 <./SHT35D_cpp.pdf>]

pdfTeX warning: pdflatex (file ./SHT35D_cpp.pdf): PDF inclusion: found PDF vers
ion <1.7>, but at most version <1.5> allowed
<SHT35D_cpp.pdf, id=506, page=9, 614.295pt x 794.97pt>
File: SHT35D_cpp.pdf Graphic file (type pdf)

<use SHT35D_cpp.pdf, page 9>
Package pdftex.def Info: SHT35D_cpp.pdf, page9 used on input line 101.
(pdftex.def)             Requested size: 804.51675pt x 1041.13934pt.
File: SHT35D_cpp.pdf Graphic file (type pdf)
 <use SHT35D_cpp.pdf, page 9>
Package pdftex.def Info: SHT35D_cpp.pdf, page9 used on input line 101.
(pdftex.def)             Requested size: 804.51675pt x 1041.13934pt.
File: SHT35D_cpp.pdf Graphic file (type pdf)

<use SHT35D_cpp.pdf, page 9>
Package pdftex.def Info: SHT35D_cpp.pdf, page9 used on input line 101.
(pdftex.def)             Requested size: 804.51675pt x 1041.13934pt.
 [60 <./SHT35D_cpp.pdf>]

pdfTeX warning: pdflatex (file ./SHT35D_cpp.pdf): PDF inclusion: found PDF vers
ion <1.7>, but at most version <1.5> allowed
<SHT35D_cpp.pdf, id=511, page=10, 614.295pt x 794.97pt>
File: SHT35D_cpp.pdf Graphic file (type pdf)

<use SHT35D_cpp.pdf, page 10>
Package pdftex.def Info: SHT35D_cpp.pdf, page10 used on input line 101.
(pdftex.def)             Requested size: 804.51675pt x 1041.13934pt.
File: SHT35D_cpp.pdf Graphic file (type pdf)
 <use SHT35D_cpp.pdf, page 10>
Package pdftex.def Info: SHT35D_cpp.pdf, page10 used on input line 101.
(pdftex.def)             Requested size: 804.51675pt x 1041.13934pt.
File: SHT35D_cpp.pdf Graphic file (type pdf)

<use SHT35D_cpp.pdf, page 10>
Package pdftex.def Info: SHT35D_cpp.pdf, page10 used on input line 101.
(pdftex.def)             Requested size: 804.51675pt x 1041.13934pt.
 [61 <./SHT35D_cpp.pdf>]

pdfTeX warning: pdflatex (file ./MRT_h.pdf): PDF inclusion: found PDF version <
1.7>, but at most version <1.5> allowed
<MRT_h.pdf, id=515, 614.295pt x 794.97pt>
File: MRT_h.pdf Graphic file (type pdf)
 <use MRT_h.pdf>
Package pdftex.def Info: MRT_h.pdf used on input line 114.
(pdftex.def)             Requested size: 614.29349pt x 794.96806pt.


pdfTeX warning: pdflatex (file ./MRT_h.pdf): PDF inclusion: found PDF version <
1.7>, but at most version <1.5> allowed
File: MRT_h.pdf Graphic file (type pdf)
<use MRT_h.pdf>
Package pdftex.def Info: MRT_h.pdf used on input line 114.
(pdftex.def)             Requested size: 614.29349pt x 794.96806pt.


pdfTeX warning: pdflatex (file ./MRT_h.pdf): PDF inclusion: found PDF version <
1.7>, but at most version <1.5> allowed


pdfTeX warning: pdflatex (file ./MRT_h.pdf): PDF inclusion: found PDF version <
1.7>, but at most version <1.5> allowed
<MRT_h.pdf, id=518, page=1, 614.295pt x 794.97pt>
File: MRT_h.pdf Graphic file (type pdf)
 <use MRT_h.pdf, page 1>
Package pdftex.def Info: MRT_h.pdf, page1 used on input line 114.
(pdftex.def)             Requested size: 469.75502pt x 607.9196pt.
File: MRT_h.pdf Graphic file (type pdf)

<use MRT_h.pdf, page 1>
Package pdftex.def Info: MRT_h.pdf, page1 used on input line 114.
(pdftex.def)             Requested size: 804.51675pt x 1041.13934pt.
 [62]
File: MRT_h.pdf Graphic file (type pdf)
 <use MRT_h.pdf, page 1>
Package pdftex.def Info: MRT_h.pdf, page1 used on input line 114.
(pdftex.def)             Requested size: 804.51675pt x 1041.13934pt.
File: MRT_h.pdf Graphic file (type pdf)
 <use MRT_h.pdf, page 1>
Package pdftex.def Info: MRT_h.pdf, page1 used on input line 114.
(pdftex.def)             Requested size: 804.51675pt x 1041.13934pt.
File: MRT_h.pdf Graphic file (type pdf)

<use MRT_h.pdf, page 1>
Package pdftex.def Info: MRT_h.pdf, page1 used on input line 114.
(pdftex.def)             Requested size: 804.51675pt x 1041.13934pt.
 [63 <./MRT_h.pdf>]

pdfTeX warning: pdflatex (file ./MRT_cpp.pdf): PDF inclusion: found PDF version
 <1.7>, but at most version <1.5> allowed
<MRT_cpp.pdf, id=542, 614.295pt x 794.97pt>
File: MRT_cpp.pdf Graphic file (type pdf)
 <use MRT_cpp.pdf>
Package pdftex.def Info: MRT_cpp.pdf used on input line 115.
(pdftex.def)             Requested size: 614.29349pt x 794.96806pt.


pdfTeX warning: pdflatex (file ./MRT_cpp.pdf): PDF inclusion: found PDF version
 <1.7>, but at most version <1.5> allowed
File: MRT_cpp.pdf Graphic file (type pdf)
<use MRT_cpp.pdf>
Package pdftex.def Info: MRT_cpp.pdf used on input line 115.
(pdftex.def)             Requested size: 614.29349pt x 794.96806pt.


pdfTeX warning: pdflatex (file ./MRT_cpp.pdf): PDF inclusion: found PDF version
 <1.7>, but at most version <1.5> allowed


pdfTeX warning: pdflatex (file ./MRT_cpp.pdf): PDF inclusion: found PDF version
 <1.7>, but at most version <1.5> allowed
<MRT_cpp.pdf, id=545, page=1, 614.295pt x 794.97pt>
File: MRT_cpp.pdf Graphic file (type pdf)
 <use MRT_cpp.pdf, page 1>
Package pdftex.def Info: MRT_cpp.pdf, page1 used on input line 115.
(pdftex.def)             Requested size: 469.75502pt x 607.9196pt.
File: MRT_cpp.pdf Graphic file (type pdf)

<use MRT_cpp.pdf, page 1>
Package pdftex.def Info: MRT_cpp.pdf, page1 used on input line 115.
(pdftex.def)             Requested size: 804.51675pt x 1041.13934pt.
File: MRT_cpp.pdf Graphic file (type pdf)
 <use MRT_cpp.pdf, page 1>
Package pdftex.def Info: MRT_cpp.pdf, page1 used on input line 115.
(pdftex.def)             Requested size: 804.51675pt x 1041.13934pt.
File: MRT_cpp.pdf Graphic file (type pdf)
 <use MRT_cpp.pdf, page 1>
Package pdftex.def Info: MRT_cpp.pdf, page1 used on input line 115.
(pdftex.def)             Requested size: 804.51675pt x 1041.13934pt.
File: MRT_cpp.pdf Graphic file (type pdf)

<use MRT_cpp.pdf, page 1>
Package pdftex.def Info: MRT_cpp.pdf, page1 used on input line 115.
(pdftex.def)             Requested size: 804.51675pt x 1041.13934pt.
 [64 <./MRT_cpp.pdf>]

pdfTeX warning: pdflatex (file ./MRT_cpp.pdf): PDF inclusion: found PDF version
 <1.7>, but at most version <1.5> allowed
<MRT_cpp.pdf, id=566, page=2, 614.295pt x 794.97pt>
File: MRT_cpp.pdf Graphic file (type pdf)
 <use MRT_cpp.pdf, page 2>
Package pdftex.def Info: MRT_cpp.pdf, page2 used on input line 115.
(pdftex.def)             Requested size: 804.51675pt x 1041.13934pt.
File: MRT_cpp.pdf Graphic file (type pdf)

<use MRT_cpp.pdf, page 2>
Package pdftex.def Info: MRT_cpp.pdf, page2 used on input line 115.
(pdftex.def)             Requested size: 804.51675pt x 1041.13934pt.
File: MRT_cpp.pdf Graphic file (type pdf)
 <use MRT_cpp.pdf, page 2>
Package pdftex.def Info: MRT_cpp.pdf, page2 used on input line 115.
(pdftex.def)             Requested size: 804.51675pt x 1041.13934pt.
 [65 <./MRT_cpp.pdf>]

pdfTeX warning: pdflatex (file ./MRT_cpp.pdf): PDF inclusion: found PDF version
 <1.7>, but at most version <1.5> allowed
<MRT_cpp.pdf, id=570, page=3, 614.295pt x 794.97pt>
File: MRT_cpp.pdf Graphic file (type pdf)
 <use MRT_cpp.pdf, page 3>
Package pdftex.def Info: MRT_cpp.pdf, page3 used on input line 115.
(pdftex.def)             Requested size: 804.51675pt x 1041.13934pt.
File: MRT_cpp.pdf Graphic file (type pdf)

<use MRT_cpp.pdf, page 3>
Package pdftex.def Info: MRT_cpp.pdf, page3 used on input line 115.
(pdftex.def)             Requested size: 804.51675pt x 1041.13934pt.
File: MRT_cpp.pdf Graphic file (type pdf)
 <use MRT_cpp.pdf, page 3>
Package pdftex.def Info: MRT_cpp.pdf, page3 used on input line 115.
(pdftex.def)             Requested size: 804.51675pt x 1041.13934pt.
 [66 <./MRT_cpp.pdf>]
("C:\Users\michael\Documents\2017-2018\MECH 457\mech45x_PhotonScripts\Arduino\P
rint\build\AllCode.aux") ) 
Here is how much of TeX's memory you used:
 3514 strings out of 493323
 54101 string characters out of 3129147
 121161 words of memory out of 3000000
 6993 multiletter control sequences out of 15000+200000
 5319 words of font info for 20 fonts, out of 3000000 for 9000
 1141 hyphenation exceptions out of 8191
 41i,18n,50p,281b,437s stack positions out of 5000i,500n,10000p,200000b,50000s
<C:/Users/michael/AppData/Local/Programs/MiKTeX 2.9/f
onts/type1/public/amsfonts/cm/cmr12.pfb><C:/Users/michael/AppData/Local/Program
s/MiKTeX 2.9/fonts/type1/public/amsfonts/cm/cmr17.pfb><C:/Users/michael/AppData
/Local/Programs/MiKTeX 2.9/fonts/type1/public/amsfonts/cm/cmtt12.pfb>
Output written on "C:\Users\michael\Documents\2017-2018\MECH 457\mech45x_Photon
Scripts\Arduino\Print\build\AllCode.pdf" (67 pages, 2202626 bytes).
PDF statistics:
 588 PDF objects out of 1000 (max. 8388607)
 0 named destinations out of 1000 (max. 500000)
 516 words of extra memory for PDF output out of 10000 (max. 10000000)

